{"C:\\Users\\burak\\Documents\\VsCode\\RealTimeChatApp\\backend\\Index.js": {"path":"C:\\Users\\burak\\Documents\\VsCode\\RealTimeChatApp\\backend\\Index.js","statementMap":{"0":{"start":{"line":1,"column":16},"end":{"line":1,"column":34}},"1":{"start":{"line":2,"column":19},"end":{"line":2,"column":44}},"2":{"start":{"line":3,"column":23},"end":{"line":3,"column":51}},"3":{"start":{"line":4,"column":28},"end":{"line":4,"column":61}},"4":{"start":{"line":6,"column":13},"end":{"line":6,"column":28}},"5":{"start":{"line":7,"column":0},"end":{"line":7,"column":39}},"6":{"start":{"line":8,"column":12},"end":{"line":8,"column":21}},"7":{"start":{"line":9,"column":21},"end":{"line":9,"column":45}},"8":{"start":{"line":11,"column":13},"end":{"line":11,"column":28}},"9":{"start":{"line":12,"column":15},"end":{"line":12,"column":34}},"10":{"start":{"line":13,"column":19},"end":{"line":13,"column":39}},"11":{"start":{"line":14,"column":11},"end":{"line":16,"column":2}},"12":{"start":{"line":18,"column":0},"end":{"line":18,"column":24}},"13":{"start":{"line":19,"column":0},"end":{"line":19,"column":70}},"14":{"start":{"line":20,"column":0},"end":{"line":20,"column":24}},"15":{"start":{"line":23,"column":12},"end":{"line":23,"column":14}},"16":{"start":{"line":24,"column":20},"end":{"line":26,"column":1}},"17":{"start":{"line":25,"column":4},"end":{"line":25,"column":86}},"18":{"start":{"line":25,"column":26},"end":{"line":25,"column":48}},"19":{"start":{"line":28,"column":23},"end":{"line":30,"column":1}},"20":{"start":{"line":29,"column":4},"end":{"line":29,"column":63}},"21":{"start":{"line":29,"column":35},"end":{"line":29,"column":61}},"22":{"start":{"line":35,"column":0},"end":{"line":71,"column":3}},"23":{"start":{"line":36,"column":4},"end":{"line":41,"column":7}},"24":{"start":{"line":37,"column":8},"end":{"line":37,"column":41}},"25":{"start":{"line":38,"column":8},"end":{"line":38,"column":42}},"26":{"start":{"line":39,"column":8},"end":{"line":39,"column":35}},"27":{"start":{"line":40,"column":8},"end":{"line":40,"column":27}},"28":{"start":{"line":43,"column":4},"end":{"line":47,"column":7}},"29":{"start":{"line":44,"column":8},"end":{"line":44,"column":34}},"30":{"start":{"line":45,"column":8},"end":{"line":45,"column":35}},"31":{"start":{"line":46,"column":8},"end":{"line":46,"column":42}},"32":{"start":{"line":49,"column":4},"end":{"line":51,"column":7}},"33":{"start":{"line":50,"column":8},"end":{"line":50,"column":29}},"34":{"start":{"line":53,"column":4},"end":{"line":55,"column":7}},"35":{"start":{"line":54,"column":8},"end":{"line":54,"column":30}},"36":{"start":{"line":57,"column":4},"end":{"line":70,"column":7}},"37":{"start":{"line":58,"column":8},"end":{"line":62,"column":11}},"38":{"start":{"line":74,"column":0},"end":{"line":74,"column":30}},"39":{"start":{"line":75,"column":0},"end":{"line":75,"column":37}},"40":{"start":{"line":76,"column":0},"end":{"line":76,"column":40}},"41":{"start":{"line":78,"column":0},"end":{"line":80,"column":3}},"42":{"start":{"line":79,"column":4},"end":{"line":79,"column":39}},"43":{"start":{"line":82,"column":0},"end":{"line":82,"column":21}}},"fnMap":{"0":{"name":"(anonymous_0)","decl":{"start":{"line":24,"column":20},"end":{"line":24,"column":21}},"loc":{"start":{"line":24,"column":42},"end":{"line":26,"column":1}},"line":24},"1":{"name":"(anonymous_1)","decl":{"start":{"line":25,"column":16},"end":{"line":25,"column":17}},"loc":{"start":{"line":25,"column":26},"end":{"line":25,"column":48}},"line":25},"2":{"name":"(anonymous_2)","decl":{"start":{"line":28,"column":23},"end":{"line":28,"column":24}},"loc":{"start":{"line":28,"column":37},"end":{"line":30,"column":1}},"line":28},"3":{"name":"(anonymous_3)","decl":{"start":{"line":29,"column":25},"end":{"line":29,"column":26}},"loc":{"start":{"line":29,"column":35},"end":{"line":29,"column":61}},"line":29},"4":{"name":"(anonymous_4)","decl":{"start":{"line":35,"column":20},"end":{"line":35,"column":21}},"loc":{"start":{"line":35,"column":32},"end":{"line":71,"column":1}},"line":35},"5":{"name":"(anonymous_5)","decl":{"start":{"line":36,"column":25},"end":{"line":36,"column":26}},"loc":{"start":{"line":36,"column":40},"end":{"line":41,"column":5}},"line":36},"6":{"name":"(anonymous_6)","decl":{"start":{"line":43,"column":28},"end":{"line":43,"column":29}},"loc":{"start":{"line":43,"column":34},"end":{"line":47,"column":5}},"line":43},"7":{"name":"(anonymous_7)","decl":{"start":{"line":49,"column":27},"end":{"line":49,"column":28}},"loc":{"start":{"line":49,"column":40},"end":{"line":51,"column":5}},"line":49},"8":{"name":"(anonymous_8)","decl":{"start":{"line":53,"column":28},"end":{"line":53,"column":29}},"loc":{"start":{"line":53,"column":41},"end":{"line":55,"column":5}},"line":53},"9":{"name":"(anonymous_9)","decl":{"start":{"line":57,"column":34},"end":{"line":57,"column":35}},"loc":{"start":{"line":57,"column":70},"end":{"line":70,"column":5}},"line":57},"10":{"name":"(anonymous_10)","decl":{"start":{"line":78,"column":20},"end":{"line":78,"column":21}},"loc":{"start":{"line":78,"column":26},"end":{"line":80,"column":1}},"line":78}},"branchMap":{"0":{"loc":{"start":{"line":25,"column":4},"end":{"line":25,"column":85}},"type":"binary-expr","locations":[{"start":{"line":25,"column":4},"end":{"line":25,"column":49}},{"start":{"line":25,"column":53},"end":{"line":25,"column":85}}],"line":25}},"s":{"0":1,"1":1,"2":1,"3":1,"4":1,"5":1,"6":1,"7":1,"8":1,"9":1,"10":1,"11":1,"12":1,"13":1,"14":1,"15":1,"16":1,"17":0,"18":0,"19":1,"20":0,"21":0,"22":1,"23":0,"24":0,"25":0,"26":0,"27":0,"28":0,"29":0,"30":0,"31":0,"32":0,"33":0,"34":0,"35":0,"36":0,"37":0,"38":1,"39":1,"40":1,"41":1,"42":1,"43":1},"f":{"0":0,"1":0,"2":0,"3":0,"4":0,"5":0,"6":0,"7":0,"8":0,"9":0,"10":1},"b":{"0":[0,0]},"_coverageSchema":"1a1c01bbd47fc00a2c39e90264f33305004495a9","hash":"ec113ac8eef36c90bfede999fbe0645e0686e46d"}
,"C:\\Users\\burak\\Documents\\VsCode\\RealTimeChatApp\\backend\\configs\\MongoDBConnection.js": {"path":"C:\\Users\\burak\\Documents\\VsCode\\RealTimeChatApp\\backend\\configs\\MongoDBConnection.js","statementMap":{"0":{"start":{"line":1,"column":17},"end":{"line":1,"column":36}},"1":{"start":{"line":2,"column":0},"end":{"line":2,"column":26}},"2":{"start":{"line":5,"column":28},"end":{"line":5,"column":39}},"3":{"start":{"line":6,"column":2},"end":{"line":6,"column":94}},"4":{"start":{"line":7,"column":2},"end":{"line":7,"column":37}},"5":{"start":{"line":10,"column":0},"end":{"line":10,"column":6}}},"fnMap":{"0":{"name":"main","decl":{"start":{"line":4,"column":15},"end":{"line":4,"column":19}},"loc":{"start":{"line":4,"column":22},"end":{"line":8,"column":1}},"line":4}},"branchMap":{},"s":{"0":1,"1":1,"2":1,"3":1,"4":1,"5":1},"f":{"0":1},"b":{},"_coverageSchema":"1a1c01bbd47fc00a2c39e90264f33305004495a9","hash":"88e03dac425a41a298cffa50c95b9593ad780904"}
,"C:\\Users\\burak\\Documents\\VsCode\\RealTimeChatApp\\backend\\helpers\\ErrorHandling.js": {"path":"C:\\Users\\burak\\Documents\\VsCode\\RealTimeChatApp\\backend\\helpers\\ErrorHandling.js","statementMap":{"0":{"start":{"line":1,"column":0},"end":{"line":12,"column":1}},"1":{"start":{"line":3,"column":19},"end":{"line":3,"column":29}},"2":{"start":{"line":4,"column":26},"end":{"line":4,"column":39}},"3":{"start":{"line":5,"column":28},"end":{"line":9,"column":9}},"4":{"start":{"line":10,"column":4},"end":{"line":10,"column":24}}},"fnMap":{"0":{"name":"buildAnErrorMessage","decl":{"start":{"line":1,"column":25},"end":{"line":1,"column":44}},"loc":{"start":{"line":1,"column":66},"end":{"line":12,"column":1}},"line":1}},"branchMap":{"0":{"loc":{"start":{"line":1,"column":53},"end":{"line":1,"column":65}},"type":"default-arg","locations":[{"start":{"line":1,"column":63},"end":{"line":1,"column":65}}],"line":1}},"s":{"0":1,"1":0,"2":0,"3":0,"4":0},"f":{"0":0},"b":{"0":[0]},"_coverageSchema":"1a1c01bbd47fc00a2c39e90264f33305004495a9","hash":"0addbd181e28975b5a706af520cfe9361e8dd7b4"}
,"C:\\Users\\burak\\Documents\\VsCode\\RealTimeChatApp\\backend\\helpers\\JwtHelper.js": {"path":"C:\\Users\\burak\\Documents\\VsCode\\RealTimeChatApp\\backend\\helpers\\JwtHelper.js","statementMap":{"0":{"start":{"line":1,"column":12},"end":{"line":1,"column":35}},"1":{"start":{"line":2,"column":15},"end":{"line":2,"column":32}},"2":{"start":{"line":3,"column":21},"end":{"line":3,"column":56}},"3":{"start":{"line":4,"column":0},"end":{"line":4,"column":27}},"4":{"start":{"line":8,"column":83},"end":{"line":8,"column":94}},"5":{"start":{"line":9,"column":8},"end":{"line":9,"column":40}},"6":{"start":{"line":10,"column":8},"end":{"line":10,"column":54}},"7":{"start":{"line":11,"column":8},"end":{"line":11,"column":49}},"8":{"start":{"line":15,"column":8},"end":{"line":20,"column":9}},"9":{"start":{"line":16,"column":32},"end":{"line":16,"column":104}},"10":{"start":{"line":17,"column":12},"end":{"line":17,"column":31}},"11":{"start":{"line":19,"column":12},"end":{"line":19,"column":47}},"12":{"start":{"line":24,"column":8},"end":{"line":29,"column":9}},"13":{"start":{"line":25,"column":39},"end":{"line":25,"column":76}},"14":{"start":{"line":26,"column":12},"end":{"line":26,"column":38}},"15":{"start":{"line":28,"column":12},"end":{"line":28,"column":47}},"16":{"start":{"line":33,"column":8},"end":{"line":33,"column":58}},"17":{"start":{"line":37,"column":8},"end":{"line":37,"column":58}},"18":{"start":{"line":38,"column":8},"end":{"line":38,"column":46}},"19":{"start":{"line":42,"column":0},"end":{"line":42,"column":33}}},"fnMap":{"0":{"name":"(anonymous_0)","decl":{"start":{"line":7,"column":4},"end":{"line":7,"column":5}},"loc":{"start":{"line":7,"column":18},"end":{"line":12,"column":5}},"line":7},"1":{"name":"(anonymous_1)","decl":{"start":{"line":14,"column":4},"end":{"line":14,"column":5}},"loc":{"start":{"line":14,"column":30},"end":{"line":21,"column":5}},"line":14},"2":{"name":"(anonymous_2)","decl":{"start":{"line":23,"column":4},"end":{"line":23,"column":5}},"loc":{"start":{"line":23,"column":37},"end":{"line":30,"column":5}},"line":23},"3":{"name":"(anonymous_3)","decl":{"start":{"line":32,"column":4},"end":{"line":32,"column":5}},"loc":{"start":{"line":32,"column":50},"end":{"line":34,"column":5}},"line":32},"4":{"name":"(anonymous_4)","decl":{"start":{"line":36,"column":4},"end":{"line":36,"column":5}},"loc":{"start":{"line":36,"column":22},"end":{"line":39,"column":5}},"line":36}},"branchMap":{},"s":{"0":1,"1":1,"2":1,"3":1,"4":1,"5":1,"6":1,"7":1,"8":0,"9":0,"10":0,"11":0,"12":0,"13":0,"14":0,"15":0,"16":0,"17":0,"18":0,"19":1},"f":{"0":1,"1":0,"2":0,"3":0,"4":0},"b":{},"_coverageSchema":"1a1c01bbd47fc00a2c39e90264f33305004495a9","hash":"8b3f59bb47d6e581b18e5ffb6d30cc19671cb500"}
,"C:\\Users\\burak\\Documents\\VsCode\\RealTimeChatApp\\backend\\helpers\\SuccessMessageBuilder.js": {"path":"C:\\Users\\burak\\Documents\\VsCode\\RealTimeChatApp\\backend\\helpers\\SuccessMessageBuilder.js","statementMap":{"0":{"start":{"line":1,"column":0},"end":{"line":11,"column":1}},"1":{"start":{"line":3,"column":15},"end":{"line":3,"column":25}},"2":{"start":{"line":4,"column":22},"end":{"line":4,"column":35}},"3":{"start":{"line":5,"column":25},"end":{"line":8,"column":5}},"4":{"start":{"line":9,"column":0},"end":{"line":9,"column":21}}},"fnMap":{"0":{"name":"buildAnSuccessMessage","decl":{"start":{"line":1,"column":25},"end":{"line":1,"column":46}},"loc":{"start":{"line":1,"column":55},"end":{"line":11,"column":1}},"line":1}},"branchMap":{},"s":{"0":1,"1":0,"2":0,"3":0,"4":0},"f":{"0":0},"b":{},"_coverageSchema":"1a1c01bbd47fc00a2c39e90264f33305004495a9","hash":"70126e3e567a58b41314d5d19d9dec9b9bba3b23"}
,"C:\\Users\\burak\\Documents\\VsCode\\RealTimeChatApp\\backend\\middlewares\\Auth.js": {"path":"C:\\Users\\burak\\Documents\\VsCode\\RealTimeChatApp\\backend\\middlewares\\Auth.js","statementMap":{"0":{"start":{"line":1,"column":12},"end":{"line":1,"column":35}},"1":{"start":{"line":2,"column":21},"end":{"line":2,"column":56}},"2":{"start":{"line":3,"column":0},"end":{"line":3,"column":27}},"3":{"start":{"line":4,"column":75},"end":{"line":4,"column":86}},"4":{"start":{"line":6,"column":20},"end":{"line":34,"column":1}},"5":{"start":{"line":7,"column":23},"end":{"line":7,"column":51}},"6":{"start":{"line":8,"column":4},"end":{"line":33,"column":5}},"7":{"start":{"line":9,"column":22},"end":{"line":9,"column":83}},"8":{"start":{"line":11,"column":8},"end":{"line":13,"column":9}},"9":{"start":{"line":12,"column":12},"end":{"line":12,"column":77}},"10":{"start":{"line":14,"column":21},"end":{"line":14,"column":57}},"11":{"start":{"line":16,"column":8},"end":{"line":16,"column":24}},"12":{"start":{"line":17,"column":8},"end":{"line":17,"column":22}},"13":{"start":{"line":19,"column":8},"end":{"line":32,"column":9}},"14":{"start":{"line":20,"column":33},"end":{"line":20,"column":101}},"15":{"start":{"line":21,"column":12},"end":{"line":21,"column":106}},"16":{"start":{"line":21,"column":31},"end":{"line":21,"column":106}},"17":{"start":{"line":22,"column":32},"end":{"line":22,"column":82}},"18":{"start":{"line":23,"column":35},"end":{"line":25,"column":14}},"19":{"start":{"line":26,"column":12},"end":{"line":26,"column":105}},"20":{"start":{"line":26,"column":30},"end":{"line":26,"column":105}},"21":{"start":{"line":27,"column":12},"end":{"line":27,"column":35}},"22":{"start":{"line":28,"column":12},"end":{"line":28,"column":68}},"23":{"start":{"line":29,"column":12},"end":{"line":29,"column":26}},"24":{"start":{"line":36,"column":0},"end":{"line":36,"column":29}}},"fnMap":{"0":{"name":"(anonymous_0)","decl":{"start":{"line":6,"column":20},"end":{"line":6,"column":21}},"loc":{"start":{"line":6,"column":40},"end":{"line":34,"column":1}},"line":6}},"branchMap":{"0":{"loc":{"start":{"line":9,"column":22},"end":{"line":9,"column":83}},"type":"binary-expr","locations":[{"start":{"line":9,"column":23},"end":{"line":9,"column":33}},{"start":{"line":9,"column":37},"end":{"line":9,"column":61}},{"start":{"line":9,"column":66},"end":{"line":9,"column":83}}],"line":9},"1":{"loc":{"start":{"line":11,"column":8},"end":{"line":13,"column":9}},"type":"if","locations":[{"start":{"line":11,"column":8},"end":{"line":13,"column":9}},{"start":{},"end":{}}],"line":11},"2":{"loc":{"start":{"line":19,"column":8},"end":{"line":32,"column":9}},"type":"if","locations":[{"start":{"line":19,"column":8},"end":{"line":32,"column":9}},{"start":{},"end":{}}],"line":19},"3":{"loc":{"start":{"line":20,"column":33},"end":{"line":20,"column":101}},"type":"binary-expr","locations":[{"start":{"line":20,"column":34},"end":{"line":20,"column":44}},{"start":{"line":20,"column":48},"end":{"line":20,"column":72}},{"start":{"line":20,"column":77},"end":{"line":20,"column":101}}],"line":20},"4":{"loc":{"start":{"line":21,"column":12},"end":{"line":21,"column":106}},"type":"if","locations":[{"start":{"line":21,"column":12},"end":{"line":21,"column":106}},{"start":{},"end":{}}],"line":21},"5":{"loc":{"start":{"line":26,"column":12},"end":{"line":26,"column":105}},"type":"if","locations":[{"start":{"line":26,"column":12},"end":{"line":26,"column":105}},{"start":{},"end":{}}],"line":26}},"s":{"0":1,"1":1,"2":1,"3":1,"4":1,"5":0,"6":0,"7":0,"8":0,"9":0,"10":0,"11":0,"12":0,"13":0,"14":0,"15":0,"16":0,"17":0,"18":0,"19":0,"20":0,"21":0,"22":0,"23":0,"24":1},"f":{"0":0},"b":{"0":[0,0,0],"1":[0,0],"2":[0,0],"3":[0,0,0],"4":[0,0],"5":[0,0]},"_coverageSchema":"1a1c01bbd47fc00a2c39e90264f33305004495a9","hash":"3a47459369c1fdda9ddbd114b24f26e89a91ce50"}
,"C:\\Users\\burak\\Documents\\VsCode\\RealTimeChatApp\\backend\\models\\MessageGroups.js": {"path":"C:\\Users\\burak\\Documents\\VsCode\\RealTimeChatApp\\backend\\models\\MessageGroups.js","statementMap":{"0":{"start":{"line":1,"column":17},"end":{"line":1,"column":36}},"1":{"start":{"line":3,"column":28},"end":{"line":16,"column":1}},"2":{"start":{"line":18,"column":0},"end":{"line":18,"column":61}},"3":{"start":{"line":20,"column":27},"end":{"line":20,"column":79}},"4":{"start":{"line":22,"column":0},"end":{"line":22,"column":36}}},"fnMap":{},"branchMap":{},"s":{"0":1,"1":1,"2":1,"3":1,"4":1},"f":{},"b":{},"_coverageSchema":"1a1c01bbd47fc00a2c39e90264f33305004495a9","hash":"eb9a191a7e22b31c1569a4f47834e4ec6f099ec2"}
,"C:\\Users\\burak\\Documents\\VsCode\\RealTimeChatApp\\backend\\models\\Messages.js": {"path":"C:\\Users\\burak\\Documents\\VsCode\\RealTimeChatApp\\backend\\models\\Messages.js","statementMap":{"0":{"start":{"line":1,"column":17},"end":{"line":1,"column":36}},"1":{"start":{"line":3,"column":23},"end":{"line":17,"column":2}},"2":{"start":{"line":19,"column":0},"end":{"line":19,"column":55}},"3":{"start":{"line":21,"column":22},"end":{"line":21,"column":64}},"4":{"start":{"line":23,"column":0},"end":{"line":23,"column":30}}},"fnMap":{},"branchMap":{},"s":{"0":1,"1":1,"2":1,"3":1,"4":1},"f":{},"b":{},"_coverageSchema":"1a1c01bbd47fc00a2c39e90264f33305004495a9","hash":"b7c233103e25fa5adc9e58e5e7580075ec62b3a3"}
,"C:\\Users\\burak\\Documents\\VsCode\\RealTimeChatApp\\backend\\models\\Users.js": {"path":"C:\\Users\\burak\\Documents\\VsCode\\RealTimeChatApp\\backend\\models\\Users.js","statementMap":{"0":{"start":{"line":1,"column":17},"end":{"line":1,"column":36}},"1":{"start":{"line":3,"column":19},"end":{"line":33,"column":2}},"2":{"start":{"line":35,"column":0},"end":{"line":35,"column":51}},"3":{"start":{"line":37,"column":18},"end":{"line":37,"column":52}},"4":{"start":{"line":39,"column":0},"end":{"line":39,"column":26}}},"fnMap":{},"branchMap":{},"s":{"0":1,"1":1,"2":1,"3":1,"4":1},"f":{},"b":{},"_coverageSchema":"1a1c01bbd47fc00a2c39e90264f33305004495a9","hash":"ab9a12fbe7d248f06f9d8b526a5bfa292716987e"}
,"C:\\Users\\burak\\Documents\\VsCode\\RealTimeChatApp\\backend\\routes\\MessageGroups.js": {"path":"C:\\Users\\burak\\Documents\\VsCode\\RealTimeChatApp\\backend\\routes\\MessageGroups.js","statementMap":{"0":{"start":{"line":1,"column":16},"end":{"line":1,"column":34}},"1":{"start":{"line":2,"column":15},"end":{"line":2,"column":31}},"2":{"start":{"line":4,"column":32},"end":{"line":4,"column":66}},"3":{"start":{"line":6,"column":20},"end":{"line":6,"column":50}},"4":{"start":{"line":8,"column":0},"end":{"line":15,"column":3}},"5":{"start":{"line":9,"column":27},"end":{"line":9,"column":38}},"6":{"start":{"line":10,"column":29},"end":{"line":10,"column":37}},"7":{"start":{"line":11,"column":4},"end":{"line":11,"column":38}},"8":{"start":{"line":12,"column":4},"end":{"line":12,"column":30}},"9":{"start":{"line":13,"column":18},"end":{"line":13,"column":66}},"10":{"start":{"line":14,"column":4},"end":{"line":14,"column":20}},"11":{"start":{"line":17,"column":0},"end":{"line":17,"column":24}}},"fnMap":{"0":{"name":"(anonymous_0)","decl":{"start":{"line":8,"column":39},"end":{"line":8,"column":40}},"loc":{"start":{"line":8,"column":59},"end":{"line":15,"column":1}},"line":8}},"branchMap":{},"s":{"0":1,"1":1,"2":1,"3":1,"4":1,"5":0,"6":0,"7":0,"8":0,"9":0,"10":0,"11":1},"f":{"0":0},"b":{},"_coverageSchema":"1a1c01bbd47fc00a2c39e90264f33305004495a9","hash":"ff336183446565e82a2395367e7037c26e30c70b"}
,"C:\\Users\\burak\\Documents\\VsCode\\RealTimeChatApp\\backend\\routes\\Messages.js": {"path":"C:\\Users\\burak\\Documents\\VsCode\\RealTimeChatApp\\backend\\routes\\Messages.js","statementMap":{"0":{"start":{"line":1,"column":16},"end":{"line":1,"column":34}},"1":{"start":{"line":2,"column":15},"end":{"line":2,"column":31}},"2":{"start":{"line":3,"column":48},"end":{"line":3,"column":82}},"3":{"start":{"line":4,"column":20},"end":{"line":4,"column":50}},"4":{"start":{"line":6,"column":0},"end":{"line":15,"column":3}},"5":{"start":{"line":7,"column":43},"end":{"line":7,"column":51}},"6":{"start":{"line":8,"column":24},"end":{"line":12,"column":6}},"7":{"start":{"line":14,"column":4},"end":{"line":14,"column":26}},"8":{"start":{"line":17,"column":0},"end":{"line":22,"column":3}},"9":{"start":{"line":18,"column":24},"end":{"line":18,"column":34}},"10":{"start":{"line":20,"column":28},"end":{"line":20,"column":73}},"11":{"start":{"line":21,"column":4},"end":{"line":21,"column":30}},"12":{"start":{"line":24,"column":0},"end":{"line":28,"column":3}},"13":{"start":{"line":25,"column":19},"end":{"line":25,"column":27}},"14":{"start":{"line":26,"column":22},"end":{"line":26,"column":68}},"15":{"start":{"line":27,"column":4},"end":{"line":27,"column":24}},"16":{"start":{"line":30,"column":0},"end":{"line":34,"column":3}},"17":{"start":{"line":31,"column":24},"end":{"line":31,"column":34}},"18":{"start":{"line":32,"column":24},"end":{"line":32,"column":75}},"19":{"start":{"line":33,"column":4},"end":{"line":33,"column":26}},"20":{"start":{"line":36,"column":0},"end":{"line":41,"column":3}},"21":{"start":{"line":37,"column":46},"end":{"line":37,"column":54}},"22":{"start":{"line":39,"column":28},"end":{"line":39,"column":101}},"23":{"start":{"line":40,"column":4},"end":{"line":40,"column":30}},"24":{"start":{"line":43,"column":0},"end":{"line":43,"column":24}}},"fnMap":{"0":{"name":"(anonymous_0)","decl":{"start":{"line":6,"column":34},"end":{"line":6,"column":35}},"loc":{"start":{"line":6,"column":54},"end":{"line":15,"column":1}},"line":6},"1":{"name":"(anonymous_1)","decl":{"start":{"line":17,"column":52},"end":{"line":17,"column":53}},"loc":{"start":{"line":17,"column":72},"end":{"line":22,"column":1}},"line":17},"2":{"name":"(anonymous_2)","decl":{"start":{"line":24,"column":34},"end":{"line":24,"column":35}},"loc":{"start":{"line":24,"column":54},"end":{"line":28,"column":1}},"line":24},"3":{"name":"(anonymous_3)","decl":{"start":{"line":30,"column":54},"end":{"line":30,"column":55}},"loc":{"start":{"line":30,"column":74},"end":{"line":34,"column":1}},"line":30},"4":{"name":"(anonymous_4)","decl":{"start":{"line":36,"column":55},"end":{"line":36,"column":56}},"loc":{"start":{"line":36,"column":75},"end":{"line":41,"column":1}},"line":36}},"branchMap":{},"s":{"0":1,"1":1,"2":1,"3":1,"4":1,"5":0,"6":0,"7":0,"8":1,"9":0,"10":0,"11":0,"12":1,"13":0,"14":0,"15":0,"16":1,"17":0,"18":0,"19":0,"20":1,"21":0,"22":0,"23":0,"24":1},"f":{"0":0,"1":0,"2":0,"3":0,"4":0},"b":{},"_coverageSchema":"1a1c01bbd47fc00a2c39e90264f33305004495a9","hash":"30cf8d2e0402ba7eb192973cb2c0d3c73cf211a9"}
,"C:\\Users\\burak\\Documents\\VsCode\\RealTimeChatApp\\backend\\routes\\Users.js": {"path":"C:\\Users\\burak\\Documents\\VsCode\\RealTimeChatApp\\backend\\routes\\Users.js","statementMap":{"0":{"start":{"line":1,"column":16},"end":{"line":1,"column":34}},"1":{"start":{"line":2,"column":15},"end":{"line":2,"column":31}},"2":{"start":{"line":3,"column":24},"end":{"line":3,"column":58}},"3":{"start":{"line":4,"column":18},"end":{"line":4,"column":49}},"4":{"start":{"line":5,"column":21},"end":{"line":5,"column":56}},"5":{"start":{"line":6,"column":23},"end":{"line":6,"column":66}},"6":{"start":{"line":8,"column":0},"end":{"line":12,"column":3}},"7":{"start":{"line":9,"column":4},"end":{"line":9,"column":29}},"8":{"start":{"line":10,"column":4},"end":{"line":10,"column":36}},"9":{"start":{"line":11,"column":4},"end":{"line":11,"column":68}},"10":{"start":{"line":15,"column":0},"end":{"line":19,"column":3}},"11":{"start":{"line":16,"column":19},"end":{"line":16,"column":29}},"12":{"start":{"line":17,"column":17},"end":{"line":17,"column":43}},"13":{"start":{"line":18,"column":4},"end":{"line":18,"column":19}},"14":{"start":{"line":21,"column":0},"end":{"line":25,"column":3}},"15":{"start":{"line":22,"column":4},"end":{"line":22,"column":38}},"16":{"start":{"line":23,"column":17},"end":{"line":23,"column":51}},"17":{"start":{"line":24,"column":4},"end":{"line":24,"column":19}},"18":{"start":{"line":27,"column":0},"end":{"line":49,"column":3}},"19":{"start":{"line":28,"column":4},"end":{"line":48,"column":5}},"20":{"start":{"line":29,"column":32},"end":{"line":29,"column":92}},"21":{"start":{"line":30,"column":21},"end":{"line":30,"column":79}},"22":{"start":{"line":32,"column":8},"end":{"line":44,"column":9}},"23":{"start":{"line":33,"column":25},"end":{"line":33,"column":97}},"24":{"start":{"line":34,"column":12},"end":{"line":43,"column":13}},"25":{"start":{"line":35,"column":36},"end":{"line":35,"column":105}},"26":{"start":{"line":36,"column":37},"end":{"line":36,"column":113}},"27":{"start":{"line":37,"column":16},"end":{"line":37,"column":32}},"28":{"start":{"line":38,"column":16},"end":{"line":38,"column":69}},"29":{"start":{"line":39,"column":16},"end":{"line":39,"column":77}},"30":{"start":{"line":40,"column":16},"end":{"line":40,"column":75}},"31":{"start":{"line":42,"column":16},"end":{"line":42,"column":79}},"32":{"start":{"line":45,"column":8},"end":{"line":45,"column":71}},"33":{"start":{"line":47,"column":8},"end":{"line":47,"column":61}},"34":{"start":{"line":105,"column":0},"end":{"line":105,"column":24}}},"fnMap":{"0":{"name":"(anonymous_0)","decl":{"start":{"line":8,"column":22},"end":{"line":8,"column":23}},"loc":{"start":{"line":8,"column":36},"end":{"line":12,"column":1}},"line":8},"1":{"name":"(anonymous_1)","decl":{"start":{"line":15,"column":26},"end":{"line":15,"column":27}},"loc":{"start":{"line":15,"column":46},"end":{"line":19,"column":1}},"line":15},"2":{"name":"(anonymous_2)","decl":{"start":{"line":21,"column":24},"end":{"line":21,"column":25}},"loc":{"start":{"line":21,"column":44},"end":{"line":25,"column":1}},"line":21},"3":{"name":"(anonymous_3)","decl":{"start":{"line":27,"column":22},"end":{"line":27,"column":23}},"loc":{"start":{"line":27,"column":42},"end":{"line":49,"column":1}},"line":27}},"branchMap":{"0":{"loc":{"start":{"line":32,"column":8},"end":{"line":44,"column":9}},"type":"if","locations":[{"start":{"line":32,"column":8},"end":{"line":44,"column":9}},{"start":{},"end":{}}],"line":32},"1":{"loc":{"start":{"line":34,"column":12},"end":{"line":43,"column":13}},"type":"if","locations":[{"start":{"line":34,"column":12},"end":{"line":43,"column":13}},{"start":{"line":41,"column":19},"end":{"line":43,"column":13}}],"line":34}},"s":{"0":1,"1":1,"2":1,"3":1,"4":1,"5":1,"6":1,"7":0,"8":0,"9":0,"10":1,"11":0,"12":0,"13":0,"14":1,"15":1,"16":1,"17":1,"18":1,"19":0,"20":0,"21":0,"22":0,"23":0,"24":0,"25":0,"26":0,"27":0,"28":0,"29":0,"30":0,"31":0,"32":0,"33":0,"34":1},"f":{"0":0,"1":0,"2":1,"3":0},"b":{"0":[0,0],"1":[0,0]},"_coverageSchema":"1a1c01bbd47fc00a2c39e90264f33305004495a9","hash":"f2220c2cd1a9450f57d1fd9606761ea3bdd20b81"}
,"C:\\Users\\burak\\Documents\\VsCode\\RealTimeChatApp\\backend\\services\\AllServices.js": {"path":"C:\\Users\\burak\\Documents\\VsCode\\RealTimeChatApp\\backend\\services\\AllServices.js","statementMap":{"0":{"start":{"line":1,"column":20},"end":{"line":1,"column":38}},"1":{"start":{"line":2,"column":23},"end":{"line":2,"column":44}},"2":{"start":{"line":3,"column":28},"end":{"line":3,"column":54}},"3":{"start":{"line":5,"column":0},"end":{"line":5,"column":70}}},"fnMap":{},"branchMap":{},"s":{"0":1,"1":1,"2":1,"3":1},"f":{},"b":{},"_coverageSchema":"1a1c01bbd47fc00a2c39e90264f33305004495a9","hash":"99ec52b5ee6ce6dd92b5d0da10e91adc7d449a4a"}
,"C:\\Users\\burak\\Documents\\VsCode\\RealTimeChatApp\\backend\\services\\BaseService.js": {"path":"C:\\Users\\burak\\Documents\\VsCode\\RealTimeChatApp\\backend\\services\\BaseService.js","statementMap":{"0":{"start":{"line":1,"column":21},"end":{"line":1,"column":56}},"1":{"start":{"line":3,"column":0},"end":{"line":51,"column":2}},"2":{"start":{"line":5,"column":8},"end":{"line":5,"column":33}},"3":{"start":{"line":9,"column":8},"end":{"line":9,"column":39}},"4":{"start":{"line":13,"column":8},"end":{"line":13,"column":50}},"5":{"start":{"line":17,"column":8},"end":{"line":17,"column":43}},"6":{"start":{"line":21,"column":8},"end":{"line":21,"column":58}},"7":{"start":{"line":25,"column":8},"end":{"line":25,"column":39}},"8":{"start":{"line":29,"column":8},"end":{"line":33,"column":29}},"9":{"start":{"line":37,"column":8},"end":{"line":37,"column":42}},"10":{"start":{"line":41,"column":8},"end":{"line":41,"column":72}},"11":{"start":{"line":45,"column":8},"end":{"line":45,"column":64}},"12":{"start":{"line":49,"column":8},"end":{"line":49,"column":37}}},"fnMap":{"0":{"name":"(anonymous_0)","decl":{"start":{"line":4,"column":4},"end":{"line":4,"column":5}},"loc":{"start":{"line":4,"column":20},"end":{"line":6,"column":5}},"line":4},"1":{"name":"(anonymous_1)","decl":{"start":{"line":8,"column":4},"end":{"line":8,"column":5}},"loc":{"start":{"line":8,"column":20},"end":{"line":10,"column":5}},"line":8},"2":{"name":"(anonymous_2)","decl":{"start":{"line":12,"column":4},"end":{"line":12,"column":5}},"loc":{"start":{"line":12,"column":22},"end":{"line":14,"column":5}},"line":12},"3":{"name":"(anonymous_3)","decl":{"start":{"line":16,"column":4},"end":{"line":16,"column":5}},"loc":{"start":{"line":16,"column":23},"end":{"line":18,"column":5}},"line":16},"4":{"name":"(anonymous_4)","decl":{"start":{"line":20,"column":4},"end":{"line":20,"column":5}},"loc":{"start":{"line":20,"column":35},"end":{"line":22,"column":5}},"line":20},"5":{"name":"(anonymous_5)","decl":{"start":{"line":24,"column":4},"end":{"line":24,"column":5}},"loc":{"start":{"line":24,"column":24},"end":{"line":26,"column":5}},"line":24},"6":{"name":"(anonymous_6)","decl":{"start":{"line":28,"column":4},"end":{"line":28,"column":5}},"loc":{"start":{"line":28,"column":88},"end":{"line":34,"column":5}},"line":28},"7":{"name":"(anonymous_7)","decl":{"start":{"line":36,"column":4},"end":{"line":36,"column":5}},"loc":{"start":{"line":36,"column":27},"end":{"line":38,"column":5}},"line":36},"8":{"name":"(anonymous_8)","decl":{"start":{"line":40,"column":4},"end":{"line":40,"column":5}},"loc":{"start":{"line":40,"column":31},"end":{"line":42,"column":5}},"line":40},"9":{"name":"(anonymous_9)","decl":{"start":{"line":44,"column":4},"end":{"line":44,"column":5}},"loc":{"start":{"line":44,"column":30},"end":{"line":46,"column":5}},"line":44},"10":{"name":"(anonymous_10)","decl":{"start":{"line":48,"column":4},"end":{"line":48,"column":5}},"loc":{"start":{"line":48,"column":25},"end":{"line":50,"column":5}},"line":48}},"branchMap":{"0":{"loc":{"start":{"line":28,"column":62},"end":{"line":28,"column":86}},"type":"default-arg","locations":[{"start":{"line":28,"column":69},"end":{"line":28,"column":86}}],"line":28},"1":{"loc":{"start":{"line":32,"column":18},"end":{"line":32,"column":66}},"type":"cond-expr","locations":[{"start":{"line":32,"column":35},"end":{"line":32,"column":62}},{"start":{"line":32,"column":65},"end":{"line":32,"column":66}}],"line":32}},"s":{"0":1,"1":1,"2":0,"3":1,"4":0,"5":0,"6":0,"7":0,"8":0,"9":0,"10":0,"11":0,"12":0},"f":{"0":0,"1":1,"2":0,"3":0,"4":0,"5":0,"6":0,"7":0,"8":0,"9":0,"10":0},"b":{"0":[0],"1":[0,0]},"_coverageSchema":"1a1c01bbd47fc00a2c39e90264f33305004495a9","hash":"10e75bdba689691b2068aa87567fc36612d7e1c4"}
,"C:\\Users\\burak\\Documents\\VsCode\\RealTimeChatApp\\backend\\services\\MessageGroups.js": {"path":"C:\\Users\\burak\\Documents\\VsCode\\RealTimeChatApp\\backend\\services\\MessageGroups.js","statementMap":{"0":{"start":{"line":1,"column":20},"end":{"line":1,"column":44}},"1":{"start":{"line":2,"column":27},"end":{"line":2,"column":61}},"2":{"start":{"line":5,"column":12},"end":{"line":5,"column":30}},"3":{"start":{"line":8,"column":8},"end":{"line":20,"column":9}},"4":{"start":{"line":10,"column":33},"end":{"line":10,"column":91}},"5":{"start":{"line":12,"column":12},"end":{"line":17,"column":13}},"6":{"start":{"line":13,"column":16},"end":{"line":13,"column":70}},"7":{"start":{"line":16,"column":16},"end":{"line":16,"column":72}},"8":{"start":{"line":19,"column":12},"end":{"line":19,"column":51}},"9":{"start":{"line":24,"column":8},"end":{"line":30,"column":9}},"10":{"start":{"line":25,"column":12},"end":{"line":27,"column":70}},"11":{"start":{"line":29,"column":12},"end":{"line":29,"column":29}},"12":{"start":{"line":34,"column":0},"end":{"line":34,"column":44}}},"fnMap":{"0":{"name":"(anonymous_0)","decl":{"start":{"line":7,"column":4},"end":{"line":7,"column":5}},"loc":{"start":{"line":7,"column":38},"end":{"line":21,"column":5}},"line":7},"1":{"name":"(anonymous_1)","decl":{"start":{"line":23,"column":4},"end":{"line":23,"column":5}},"loc":{"start":{"line":23,"column":35},"end":{"line":31,"column":5}},"line":23}},"branchMap":{"0":{"loc":{"start":{"line":7,"column":19},"end":{"line":7,"column":36}},"type":"default-arg","locations":[{"start":{"line":7,"column":34},"end":{"line":7,"column":36}}],"line":7},"1":{"loc":{"start":{"line":12,"column":12},"end":{"line":17,"column":13}},"type":"if","locations":[{"start":{"line":12,"column":12},"end":{"line":17,"column":13}},{"start":{"line":14,"column":19},"end":{"line":17,"column":13}}],"line":12},"2":{"loc":{"start":{"line":12,"column":16},"end":{"line":12,"column":63}},"type":"binary-expr","locations":[{"start":{"line":12,"column":16},"end":{"line":12,"column":36}},{"start":{"line":12,"column":40},"end":{"line":12,"column":63}}],"line":12}},"s":{"0":1,"1":1,"2":1,"3":0,"4":0,"5":0,"6":0,"7":0,"8":0,"9":0,"10":0,"11":0,"12":1},"f":{"0":0,"1":0},"b":{"0":[0],"1":[0,0],"2":[0,0]},"_coverageSchema":"1a1c01bbd47fc00a2c39e90264f33305004495a9","hash":"b59722706b5773cac4d1eca2c8a877353217dcea"}
,"C:\\Users\\burak\\Documents\\VsCode\\RealTimeChatApp\\backend\\services\\Messages.js": {"path":"C:\\Users\\burak\\Documents\\VsCode\\RealTimeChatApp\\backend\\services\\Messages.js","statementMap":{"0":{"start":{"line":1,"column":20},"end":{"line":1,"column":44}},"1":{"start":{"line":2,"column":21},"end":{"line":2,"column":50}},"2":{"start":{"line":5,"column":12},"end":{"line":5,"column":24}},"3":{"start":{"line":8,"column":8},"end":{"line":18,"column":9}},"4":{"start":{"line":9,"column":32},"end":{"line":13,"column":14}},"5":{"start":{"line":15,"column":12},"end":{"line":15,"column":34}},"6":{"start":{"line":17,"column":12},"end":{"line":17,"column":49}},"7":{"start":{"line":22,"column":8},"end":{"line":26,"column":24}},"8":{"start":{"line":23,"column":12},"end":{"line":25,"column":15}},"9":{"start":{"line":30,"column":8},"end":{"line":36,"column":9}},"10":{"start":{"line":31,"column":12},"end":{"line":33,"column":15}},"11":{"start":{"line":35,"column":12},"end":{"line":35,"column":49}},"12":{"start":{"line":40,"column":8},"end":{"line":44,"column":9}},"13":{"start":{"line":41,"column":12},"end":{"line":41,"column":91}},"14":{"start":{"line":43,"column":12},"end":{"line":43,"column":49}},"15":{"start":{"line":48,"column":0},"end":{"line":48,"column":38}}},"fnMap":{"0":{"name":"(anonymous_0)","decl":{"start":{"line":7,"column":4},"end":{"line":7,"column":5}},"loc":{"start":{"line":7,"column":50},"end":{"line":19,"column":5}},"line":7},"1":{"name":"(anonymous_1)","decl":{"start":{"line":21,"column":4},"end":{"line":21,"column":5}},"loc":{"start":{"line":21,"column":35},"end":{"line":27,"column":5}},"line":21},"2":{"name":"(anonymous_2)","decl":{"start":{"line":29,"column":4},"end":{"line":29,"column":5}},"loc":{"start":{"line":29,"column":41},"end":{"line":37,"column":5}},"line":29},"3":{"name":"(anonymous_3)","decl":{"start":{"line":39,"column":4},"end":{"line":39,"column":5}},"loc":{"start":{"line":39,"column":63},"end":{"line":45,"column":5}},"line":39}},"branchMap":{},"s":{"0":1,"1":1,"2":1,"3":0,"4":0,"5":0,"6":0,"7":0,"8":0,"9":0,"10":0,"11":0,"12":0,"13":0,"14":0,"15":1},"f":{"0":0,"1":0,"2":0,"3":0},"b":{},"_coverageSchema":"1a1c01bbd47fc00a2c39e90264f33305004495a9","hash":"81261fd33626d59c6efb7ca4d516fcadb234446b"}
,"C:\\Users\\burak\\Documents\\VsCode\\RealTimeChatApp\\backend\\services\\Users.js": {"path":"C:\\Users\\burak\\Documents\\VsCode\\RealTimeChatApp\\backend\\services\\Users.js","statementMap":{"0":{"start":{"line":1,"column":20},"end":{"line":1,"column":44}},"1":{"start":{"line":2,"column":18},"end":{"line":2,"column":44}},"2":{"start":{"line":4,"column":15},"end":{"line":4,"column":32}},"3":{"start":{"line":6,"column":12},"end":{"line":6,"column":21}},"4":{"start":{"line":11,"column":31},"end":{"line":11,"column":78}},"5":{"start":{"line":13,"column":8},"end":{"line":22,"column":9}},"6":{"start":{"line":14,"column":12},"end":{"line":19,"column":15}},"7":{"start":{"line":21,"column":12},"end":{"line":21,"column":49}},"8":{"start":{"line":26,"column":0},"end":{"line":26,"column":35}}},"fnMap":{"0":{"name":"(anonymous_0)","decl":{"start":{"line":8,"column":4},"end":{"line":8,"column":5}},"loc":{"start":{"line":8,"column":34},"end":{"line":23,"column":5}},"line":8}},"branchMap":{},"s":{"0":1,"1":1,"2":1,"3":1,"4":1,"5":1,"6":1,"7":0,"8":1},"f":{"0":1},"b":{},"_coverageSchema":"1a1c01bbd47fc00a2c39e90264f33305004495a9","hash":"97a27f4f995ee294a73d21c7ea41d8e98becabb4"}
}
